{"level":"info","message":"Listening on port 3000...","timestamp":"2019-05-11T21:18:42.778Z"}
{"level":"info","message":"Connected to MongoDB...","timestamp":"2019-05-11T21:18:42.828Z"}
{"message":"Cannot set property 'id' of undefined","stack":"TypeError: Cannot set property 'id' of undefined\n    at router.post (C:\\Users\\zhang\\OneDrive - The University of Western Ontario\\leiger\\project\\vue_mall2\\server\\routes\\auth.js:26:18)","level":"error","timestamp":"2019-05-11T21:19:57.346Z"}
{"level":"info","message":"Listening on port 3000...","timestamp":"2019-05-11T21:21:05.965Z"}
{"level":"info","message":"Connected to MongoDB...","timestamp":"2019-05-11T21:21:06.010Z"}
{"level":"info","message":"Listening on port 3000...","timestamp":"2019-05-11T21:31:27.399Z"}
{"level":"info","message":"Connected to MongoDB...","timestamp":"2019-05-11T21:31:27.450Z"}
{"level":"info","message":"Listening on port 3000...","timestamp":"2019-05-11T21:33:36.767Z"}
{"level":"info","message":"Connected to MongoDB...","timestamp":"2019-05-11T21:33:36.814Z"}
{"level":"info","message":"Listening on port 3000...","timestamp":"2019-05-11T21:40:48.823Z"}
{"level":"info","message":"Connected to MongoDB...","timestamp":"2019-05-11T21:40:48.870Z"}
{"level":"info","message":"Listening on port 3000...","timestamp":"2019-05-11T21:41:40.262Z"}
{"level":"info","message":"Connected to MongoDB...","timestamp":"2019-05-11T21:41:40.303Z"}
{"message":"Cast to ObjectId failed for value \"5cd742979ac7d42c4447\" at path \"_id\" for model \"User\"","stack":"CastError: Cast to ObjectId failed for value \"5cd742979ac7d42c4447\" at path \"_id\" for model \"User\"\n    at new CastError (C:\\Users\\zhang\\OneDrive - The University of Western Ontario\\leiger\\project\\vue_mall2\\server\\node_modules\\mongoose\\lib\\error\\cast.js:29:11)\n    at ObjectId.cast (C:\\Users\\zhang\\OneDrive - The University of Western Ontario\\leiger\\project\\vue_mall2\\server\\node_modules\\mongoose\\lib\\schema\\objectid.js:232:11)\n    at ObjectId.SchemaType.applySetters (C:\\Users\\zhang\\OneDrive - The University of Western Ontario\\leiger\\project\\vue_mall2\\server\\node_modules\\mongoose\\lib\\schematype.js:845:12)\n    at ObjectId.SchemaType._castForQuery (C:\\Users\\zhang\\OneDrive - The University of Western Ontario\\leiger\\project\\vue_mall2\\server\\node_modules\\mongoose\\lib\\schematype.js:1248:15)\n    at ObjectId.SchemaType.castForQuery (C:\\Users\\zhang\\OneDrive - The University of Western Ontario\\leiger\\project\\vue_mall2\\server\\node_modules\\mongoose\\lib\\schematype.js:1238:15)\n    at ObjectId.SchemaType.castForQueryWrapper (C:\\Users\\zhang\\OneDrive - The University of Western Ontario\\leiger\\project\\vue_mall2\\server\\node_modules\\mongoose\\lib\\schematype.js:1217:15)\n    at cast (C:\\Users\\zhang\\OneDrive - The University of Western Ontario\\leiger\\project\\vue_mall2\\server\\node_modules\\mongoose\\lib\\cast.js:307:32)\n    at model.Query.Query.cast (C:\\Users\\zhang\\OneDrive - The University of Western Ontario\\leiger\\project\\vue_mall2\\server\\node_modules\\mongoose\\lib\\query.js:4279:12)\n    at model.Query.Query._castConditions (C:\\Users\\zhang\\OneDrive - The University of Western Ontario\\leiger\\project\\vue_mall2\\server\\node_modules\\mongoose\\lib\\query.js:1725:10)\n    at model.Query.<anonymous> (C:\\Users\\zhang\\OneDrive - The University of Western Ontario\\leiger\\project\\vue_mall2\\server\\node_modules\\mongoose\\lib\\query.js:1976:8)\n    at model.Query._wrappedThunk [as _findOne] (C:\\Users\\zhang\\OneDrive - The University of Western Ontario\\leiger\\project\\vue_mall2\\server\\node_modules\\mongoose\\lib\\helpers\\query\\wrapThunk.js:16:8)\n    at process.nextTick (C:\\Users\\zhang\\OneDrive - The University of Western Ontario\\leiger\\project\\vue_mall2\\server\\node_modules\\kareem\\index.js:369:33)\n    at process._tickCallback (internal/process/next_tick.js:61:11)","name":"CastError","stringValue":"\"5cd742979ac7d42c4447\"","kind":"ObjectId","value":"5cd742979ac7d42c4447","path":"_id","level":"error","timestamp":"2019-05-11T21:47:35.201Z"}
{"level":"info","message":"Listening on port 3000...","timestamp":"2019-05-11T21:58:45.676Z"}
{"level":"info","message":"Connected to MongoDB...","timestamp":"2019-05-11T21:58:45.723Z"}
{"level":"info","message":"Listening on port 3000...","timestamp":"2019-05-11T22:02:48.162Z"}
{"level":"info","message":"Connected to MongoDB...","timestamp":"2019-05-11T22:02:48.204Z"}
{"level":"info","message":"Listening on port 3000...","timestamp":"2019-05-11T22:02:53.846Z"}
{"level":"info","message":"Connected to MongoDB...","timestamp":"2019-05-11T22:02:53.895Z"}
{"level":"info","message":"Listening on port 3000...","timestamp":"2019-05-11T22:03:12.152Z"}
{"level":"info","message":"Connected to MongoDB...","timestamp":"2019-05-11T22:03:12.201Z"}
{"level":"info","message":"Listening on port 3000...","timestamp":"2019-05-11T22:05:16.702Z"}
{"level":"info","message":"Connected to MongoDB...","timestamp":"2019-05-11T22:05:16.757Z"}
{"level":"info","message":"Listening on port 3000...","timestamp":"2019-05-11T22:08:17.081Z"}
{"level":"info","message":"Connected to MongoDB...","timestamp":"2019-05-11T22:08:17.123Z"}
{"level":"info","message":"Listening on port 3000...","timestamp":"2019-05-11T22:08:49.537Z"}
{"level":"info","message":"Connected to MongoDB...","timestamp":"2019-05-11T22:08:49.611Z"}
{"level":"info","message":"Listening on port 3000...","timestamp":"2019-05-11T22:09:13.417Z"}
{"level":"info","message":"Connected to MongoDB...","timestamp":"2019-05-11T22:09:13.460Z"}
{"level":"info","message":"Listening on port 3000...","timestamp":"2019-05-11T22:10:10.369Z"}
{"level":"info","message":"Connected to MongoDB...","timestamp":"2019-05-11T22:10:10.411Z"}
{"level":"info","message":"Listening on port 3000...","timestamp":"2019-05-11T22:13:41.064Z"}
{"level":"info","message":"Connected to MongoDB...","timestamp":"2019-05-11T22:13:41.111Z"}
{"level":"info","message":"Listening on port 3000...","timestamp":"2019-05-11T22:14:37.266Z"}
{"level":"info","message":"Connected to MongoDB...","timestamp":"2019-05-11T22:14:37.317Z"}
{"level":"info","message":"Listening on port 3000...","timestamp":"2019-05-11T22:16:29.289Z"}
{"level":"info","message":"Connected to MongoDB...","timestamp":"2019-05-11T22:16:29.340Z"}
{"level":"info","message":"Listening on port 3000...","timestamp":"2019-05-11T22:16:36.943Z"}
{"level":"info","message":"Connected to MongoDB...","timestamp":"2019-05-11T22:16:36.989Z"}
{"level":"info","message":"Listening on port 3000...","timestamp":"2019-05-11T22:16:52.076Z"}
{"level":"info","message":"Connected to MongoDB...","timestamp":"2019-05-11T22:16:52.123Z"}
{"level":"info","message":"Listening on port 3000...","timestamp":"2019-05-11T22:23:28.948Z"}
{"level":"info","message":"Connected to MongoDB...","timestamp":"2019-05-11T22:23:28.986Z"}
{"level":"info","message":"Listening on port 3000...","timestamp":"2019-05-11T22:27:22.571Z"}
{"level":"info","message":"Connected to MongoDB...","timestamp":"2019-05-11T22:27:22.610Z"}
{"level":"info","message":"Listening on port 3000...","timestamp":"2019-05-11T22:28:00.648Z"}
{"level":"info","message":"Connected to MongoDB...","timestamp":"2019-05-11T22:28:00.693Z"}
{"level":"info","message":"Listening on port 3000...","timestamp":"2019-05-11T22:28:35.652Z"}
{"level":"info","message":"Connected to MongoDB...","timestamp":"2019-05-11T22:28:35.701Z"}
{"level":"info","message":"Listening on port 3000...","timestamp":"2019-05-11T22:29:08.212Z"}
{"level":"info","message":"Connected to MongoDB...","timestamp":"2019-05-11T22:29:08.261Z"}
{"level":"info","message":"Listening on port 3000...","timestamp":"2019-05-11T22:29:52.266Z"}
{"level":"info","message":"Connected to MongoDB...","timestamp":"2019-05-11T22:29:52.313Z"}
{"level":"info","message":"Listening on port 3000...","timestamp":"2019-05-11T22:36:37.241Z"}
{"level":"info","message":"Connected to MongoDB...","timestamp":"2019-05-11T22:36:37.298Z"}
{"level":"info","message":"Listening on port 3000...","timestamp":"2019-05-11T22:36:47.756Z"}
{"level":"info","message":"Connected to MongoDB...","timestamp":"2019-05-11T22:36:47.809Z"}
{"level":"info","message":"Listening on port 3000...","timestamp":"2019-05-11T22:37:10.580Z"}
{"level":"info","message":"Connected to MongoDB...","timestamp":"2019-05-11T22:37:10.631Z"}
{"level":"info","message":"Listening on port 3000...","timestamp":"2019-05-11T22:37:26.758Z"}
{"level":"info","message":"Connected to MongoDB...","timestamp":"2019-05-11T22:37:26.805Z"}
{"level":"info","message":"Listening on port 3000...","timestamp":"2019-05-11T22:40:04.257Z"}
{"level":"info","message":"Connected to MongoDB...","timestamp":"2019-05-11T22:40:04.304Z"}
{"level":"info","message":"Listening on port 3000...","timestamp":"2019-05-11T22:41:24.602Z"}
{"level":"info","message":"Connected to MongoDB...","timestamp":"2019-05-11T22:41:24.656Z"}
{"level":"info","message":"Listening on port 3000...","timestamp":"2019-05-11T22:43:45.551Z"}
{"level":"info","message":"Connected to MongoDB...","timestamp":"2019-05-11T22:43:45.603Z"}
{"level":"info","message":"Listening on port 3000...","timestamp":"2019-05-11T23:05:56.178Z"}
{"level":"info","message":"Connected to MongoDB...","timestamp":"2019-05-11T23:05:56.229Z"}
{"level":"info","message":"Listening on port 3000...","timestamp":"2019-05-11T23:06:14.708Z"}
{"level":"info","message":"Connected to MongoDB...","timestamp":"2019-05-11T23:06:14.759Z"}
{"level":"info","message":"Listening on port 3000...","timestamp":"2019-05-11T23:07:24.793Z"}
{"level":"info","message":"Connected to MongoDB...","timestamp":"2019-05-11T23:07:24.845Z"}
{"level":"info","message":"Listening on port 3000...","timestamp":"2019-05-11T23:12:12.414Z"}
{"level":"info","message":"Connected to MongoDB...","timestamp":"2019-05-11T23:12:12.467Z"}
{"level":"info","message":"Listening on port 3000...","timestamp":"2019-05-11T23:13:55.342Z"}
{"level":"info","message":"Connected to MongoDB...","timestamp":"2019-05-11T23:13:55.389Z"}
{"level":"info","message":"Listening on port 3000...","timestamp":"2019-05-11T23:14:19.313Z"}
{"level":"info","message":"Connected to MongoDB...","timestamp":"2019-05-11T23:14:19.361Z"}
{"level":"info","message":"Listening on port 3000...","timestamp":"2019-05-11T23:15:29.631Z"}
{"level":"info","message":"Connected to MongoDB...","timestamp":"2019-05-11T23:15:29.677Z"}
{"level":"info","message":"Listening on port 3000...","timestamp":"2019-05-11T23:16:02.593Z"}
{"level":"info","message":"Connected to MongoDB...","timestamp":"2019-05-11T23:16:02.648Z"}
{"level":"info","message":"Listening on port 3000...","timestamp":"2019-05-11T23:17:53.759Z"}
{"level":"info","message":"Connected to MongoDB...","timestamp":"2019-05-11T23:17:53.810Z"}
{"level":"info","message":"Listening on port 3000...","timestamp":"2019-05-11T23:19:08.395Z"}
{"level":"info","message":"Connected to MongoDB...","timestamp":"2019-05-11T23:19:08.441Z"}
{"level":"info","message":"Listening on port 3000...","timestamp":"2019-05-11T23:19:12.713Z"}
{"level":"info","message":"Connected to MongoDB...","timestamp":"2019-05-11T23:19:12.759Z"}
{"level":"info","message":"Listening on port 3000...","timestamp":"2019-05-11T23:20:06.915Z"}
{"level":"info","message":"Connected to MongoDB...","timestamp":"2019-05-11T23:20:06.969Z"}
{"level":"info","message":"Listening on port 3000...","timestamp":"2019-05-11T23:20:59.452Z"}
{"level":"info","message":"Connected to MongoDB...","timestamp":"2019-05-11T23:20:59.507Z"}
{"level":"info","message":"Listening on port 3000...","timestamp":"2019-05-11T23:22:09.712Z"}
{"level":"info","message":"Connected to MongoDB...","timestamp":"2019-05-11T23:22:09.760Z"}
{"level":"info","message":"Listening on port 3000...","timestamp":"2019-05-11T23:26:11.828Z"}
{"level":"info","message":"Connected to MongoDB...","timestamp":"2019-05-11T23:26:11.884Z"}
{"level":"info","message":"Listening on port 3000...","timestamp":"2019-05-11T23:27:39.947Z"}
{"level":"info","message":"Connected to MongoDB...","timestamp":"2019-05-11T23:27:39.988Z"}
{"level":"info","message":"Listening on port 3000...","timestamp":"2019-05-11T23:28:26.174Z"}
{"level":"info","message":"Connected to MongoDB...","timestamp":"2019-05-11T23:28:26.220Z"}
{"level":"info","message":"Listening on port 3000...","timestamp":"2019-05-11T23:31:52.743Z"}
{"level":"info","message":"Connected to MongoDB...","timestamp":"2019-05-11T23:31:52.792Z"}
{"level":"info","message":"Listening on port 3000...","timestamp":"2019-05-11T23:36:53.707Z"}
{"level":"info","message":"Connected to MongoDB...","timestamp":"2019-05-11T23:36:53.752Z"}
{"level":"info","message":"Listening on port 3000...","timestamp":"2019-05-11T23:37:43.226Z"}
{"level":"info","message":"Connected to MongoDB...","timestamp":"2019-05-11T23:37:43.275Z"}
{"message":"Category is not defined","stack":"ReferenceError: Category is not defined\n    at router.post (C:\\Users\\zhang\\OneDrive - The University of Western Ontario\\leiger\\project\\vue_mall2\\server\\routes\\products.js:31:20)\n    at newFn (C:\\Users\\zhang\\OneDrive - The University of Western Ontario\\leiger\\project\\vue_mall2\\server\\node_modules\\express-async-errors\\index.js:16:20)\n    at Layer.handle [as handle_request] (C:\\Users\\zhang\\OneDrive - The University of Western Ontario\\leiger\\project\\vue_mall2\\server\\node_modules\\express\\lib\\router\\layer.js:95:5)\n    at next (C:\\Users\\zhang\\OneDrive - The University of Western Ontario\\leiger\\project\\vue_mall2\\server\\node_modules\\express\\lib\\router\\route.js:137:13)\n    at Route.dispatch (C:\\Users\\zhang\\OneDrive - The University of Western Ontario\\leiger\\project\\vue_mall2\\server\\node_modules\\express\\lib\\router\\route.js:112:3)\n    at newFn (C:\\Users\\zhang\\OneDrive - The University of Western Ontario\\leiger\\project\\vue_mall2\\server\\node_modules\\express-async-errors\\index.js:16:20)\n    at Layer.handle [as handle_request] (C:\\Users\\zhang\\OneDrive - The University of Western Ontario\\leiger\\project\\vue_mall2\\server\\node_modules\\express\\lib\\router\\layer.js:95:5)\n    at C:\\Users\\zhang\\OneDrive - The University of Western Ontario\\leiger\\project\\vue_mall2\\server\\node_modules\\express\\lib\\router\\index.js:281:22\n    at Function.process_params (C:\\Users\\zhang\\OneDrive - The University of Western Ontario\\leiger\\project\\vue_mall2\\server\\node_modules\\express\\lib\\router\\index.js:335:12)\n    at next (C:\\Users\\zhang\\OneDrive - The University of Western Ontario\\leiger\\project\\vue_mall2\\server\\node_modules\\express\\lib\\router\\index.js:275:10)\n    at Function.handle (C:\\Users\\zhang\\OneDrive - The University of Western Ontario\\leiger\\project\\vue_mall2\\server\\node_modules\\express\\lib\\router\\index.js:174:3)\n    at router (C:\\Users\\zhang\\OneDrive - The University of Western Ontario\\leiger\\project\\vue_mall2\\server\\node_modules\\express\\lib\\router\\index.js:47:12)\n    at newFn (C:\\Users\\zhang\\OneDrive - The University of Western Ontario\\leiger\\project\\vue_mall2\\server\\node_modules\\express-async-errors\\index.js:16:20)\n    at Layer.handle [as handle_request] (C:\\Users\\zhang\\OneDrive - The University of Western Ontario\\leiger\\project\\vue_mall2\\server\\node_modules\\express\\lib\\router\\layer.js:95:5)\n    at trim_prefix (C:\\Users\\zhang\\OneDrive - The University of Western Ontario\\leiger\\project\\vue_mall2\\server\\node_modules\\express\\lib\\router\\index.js:317:13)\n    at C:\\Users\\zhang\\OneDrive - The University of Western Ontario\\leiger\\project\\vue_mall2\\server\\node_modules\\express\\lib\\router\\index.js:284:7","level":"error","timestamp":"2019-05-11T23:38:50.697Z"}
{"level":"info","message":"Listening on port 3000...","timestamp":"2019-05-11T23:40:14.283Z"}
{"level":"info","message":"Connected to MongoDB...","timestamp":"2019-05-11T23:40:14.333Z"}
{"level":"info","message":"Listening on port 3000...","timestamp":"2019-05-11T23:43:31.419Z"}
{"level":"info","message":"Connected to MongoDB...","timestamp":"2019-05-11T23:43:31.462Z"}
{"level":"info","message":"Listening on port 3000...","timestamp":"2019-05-11T23:45:26.179Z"}
{"level":"info","message":"Connected to MongoDB...","timestamp":"2019-05-11T23:45:26.221Z"}
{"message":"Category is not defined","stack":"ReferenceError: Category is not defined\n    at router.post (C:\\Users\\zhang\\OneDrive - The University of Western Ontario\\leiger\\project\\vue_mall2\\server\\routes\\products.js:31:20)\n    at newFn (C:\\Users\\zhang\\OneDrive - The University of Western Ontario\\leiger\\project\\vue_mall2\\server\\node_modules\\express-async-errors\\index.js:16:20)\n    at Layer.handle [as handle_request] (C:\\Users\\zhang\\OneDrive - The University of Western Ontario\\leiger\\project\\vue_mall2\\server\\node_modules\\express\\lib\\router\\layer.js:95:5)\n    at next (C:\\Users\\zhang\\OneDrive - The University of Western Ontario\\leiger\\project\\vue_mall2\\server\\node_modules\\express\\lib\\router\\route.js:137:13)\n    at Route.dispatch (C:\\Users\\zhang\\OneDrive - The University of Western Ontario\\leiger\\project\\vue_mall2\\server\\node_modules\\express\\lib\\router\\route.js:112:3)\n    at newFn (C:\\Users\\zhang\\OneDrive - The University of Western Ontario\\leiger\\project\\vue_mall2\\server\\node_modules\\express-async-errors\\index.js:16:20)\n    at Layer.handle [as handle_request] (C:\\Users\\zhang\\OneDrive - The University of Western Ontario\\leiger\\project\\vue_mall2\\server\\node_modules\\express\\lib\\router\\layer.js:95:5)\n    at C:\\Users\\zhang\\OneDrive - The University of Western Ontario\\leiger\\project\\vue_mall2\\server\\node_modules\\express\\lib\\router\\index.js:281:22\n    at Function.process_params (C:\\Users\\zhang\\OneDrive - The University of Western Ontario\\leiger\\project\\vue_mall2\\server\\node_modules\\express\\lib\\router\\index.js:335:12)\n    at next (C:\\Users\\zhang\\OneDrive - The University of Western Ontario\\leiger\\project\\vue_mall2\\server\\node_modules\\express\\lib\\router\\index.js:275:10)\n    at Function.handle (C:\\Users\\zhang\\OneDrive - The University of Western Ontario\\leiger\\project\\vue_mall2\\server\\node_modules\\express\\lib\\router\\index.js:174:3)\n    at router (C:\\Users\\zhang\\OneDrive - The University of Western Ontario\\leiger\\project\\vue_mall2\\server\\node_modules\\express\\lib\\router\\index.js:47:12)\n    at newFn (C:\\Users\\zhang\\OneDrive - The University of Western Ontario\\leiger\\project\\vue_mall2\\server\\node_modules\\express-async-errors\\index.js:16:20)\n    at Layer.handle [as handle_request] (C:\\Users\\zhang\\OneDrive - The University of Western Ontario\\leiger\\project\\vue_mall2\\server\\node_modules\\express\\lib\\router\\layer.js:95:5)\n    at trim_prefix (C:\\Users\\zhang\\OneDrive - The University of Western Ontario\\leiger\\project\\vue_mall2\\server\\node_modules\\express\\lib\\router\\index.js:317:13)\n    at C:\\Users\\zhang\\OneDrive - The University of Western Ontario\\leiger\\project\\vue_mall2\\server\\node_modules\\express\\lib\\router\\index.js:284:7","level":"error","timestamp":"2019-05-11T23:45:45.556Z"}
{"level":"info","message":"Listening on port 3000...","timestamp":"2019-05-11T23:47:39.323Z"}
{"level":"info","message":"Connected to MongoDB...","timestamp":"2019-05-11T23:47:39.396Z"}
{"message":"Joi is not defined","stack":"ReferenceError: Joi is not defined\n    at validateUpdateInfo (C:\\Users\\zhang\\OneDrive - The University of Western Ontario\\leiger\\project\\vue_mall2\\server\\routes\\products.js:83:11)\n    at router.put (C:\\Users\\zhang\\OneDrive - The University of Western Ontario\\leiger\\project\\vue_mall2\\server\\routes\\products.js:59:7)\n    at newFn (C:\\Users\\zhang\\OneDrive - The University of Western Ontario\\leiger\\project\\vue_mall2\\server\\node_modules\\express-async-errors\\index.js:16:20)\n    at Layer.handle [as handle_request] (C:\\Users\\zhang\\OneDrive - The University of Western Ontario\\leiger\\project\\vue_mall2\\server\\node_modules\\express\\lib\\router\\layer.js:95:5)\n    at next (C:\\Users\\zhang\\OneDrive - The University of Western Ontario\\leiger\\project\\vue_mall2\\server\\node_modules\\express\\lib\\router\\route.js:137:13)\n    at Route.dispatch (C:\\Users\\zhang\\OneDrive - The University of Western Ontario\\leiger\\project\\vue_mall2\\server\\node_modules\\express\\lib\\router\\route.js:112:3)\n    at newFn (C:\\Users\\zhang\\OneDrive - The University of Western Ontario\\leiger\\project\\vue_mall2\\server\\node_modules\\express-async-errors\\index.js:16:20)\n    at Layer.handle [as handle_request] (C:\\Users\\zhang\\OneDrive - The University of Western Ontario\\leiger\\project\\vue_mall2\\server\\node_modules\\express\\lib\\router\\layer.js:95:5)\n    at C:\\Users\\zhang\\OneDrive - The University of Western Ontario\\leiger\\project\\vue_mall2\\server\\node_modules\\express\\lib\\router\\index.js:281:22\n    at param (C:\\Users\\zhang\\OneDrive - The University of Western Ontario\\leiger\\project\\vue_mall2\\server\\node_modules\\express\\lib\\router\\index.js:354:14)\n    at param (C:\\Users\\zhang\\OneDrive - The University of Western Ontario\\leiger\\project\\vue_mall2\\server\\node_modules\\express\\lib\\router\\index.js:365:14)\n    at Function.process_params (C:\\Users\\zhang\\OneDrive - The University of Western Ontario\\leiger\\project\\vue_mall2\\server\\node_modules\\express\\lib\\router\\index.js:410:3)\n    at next (C:\\Users\\zhang\\OneDrive - The University of Western Ontario\\leiger\\project\\vue_mall2\\server\\node_modules\\express\\lib\\router\\index.js:275:10)\n    at Function.handle (C:\\Users\\zhang\\OneDrive - The University of Western Ontario\\leiger\\project\\vue_mall2\\server\\node_modules\\express\\lib\\router\\index.js:174:3)\n    at router (C:\\Users\\zhang\\OneDrive - The University of Western Ontario\\leiger\\project\\vue_mall2\\server\\node_modules\\express\\lib\\router\\index.js:47:12)\n    at newFn (C:\\Users\\zhang\\OneDrive - The University of Western Ontario\\leiger\\project\\vue_mall2\\server\\node_modules\\express-async-errors\\index.js:16:20)","level":"error","timestamp":"2019-05-11T23:50:29.688Z"}
{"level":"info","message":"Listening on port 3000...","timestamp":"2019-05-11T23:51:18.904Z"}
{"level":"info","message":"Connected to MongoDB...","timestamp":"2019-05-11T23:51:18.943Z"}
{"level":"info","message":"Listening on port 3000...","timestamp":"2019-05-11T23:54:30.478Z"}
{"level":"info","message":"Connected to MongoDB...","timestamp":"2019-05-11T23:54:30.522Z"}
{"message":"movie is not defined","stack":"ReferenceError: movie is not defined\n    at router.delete (C:\\Users\\zhang\\OneDrive - The University of Western Ontario\\leiger\\project\\vue_mall2\\server\\routes\\products.js:80:12)\n    at process._tickCallback (internal/process/next_tick.js:68:7)","level":"error","timestamp":"2019-05-12T00:01:20.637Z"}
{"level":"info","message":"Listening on port 3000...","timestamp":"2019-05-12T00:01:43.363Z"}
{"level":"info","message":"Connected to MongoDB...","timestamp":"2019-05-12T00:01:43.417Z"}
{"level":"info","message":"Listening on port 3000...","timestamp":"2019-05-12T00:05:58.609Z"}
{"level":"info","message":"Connected to MongoDB...","timestamp":"2019-05-12T00:05:58.650Z"}
{"message":"Joi is not defined","stack":"ReferenceError: Joi is not defined\n    at validate (C:\\Users\\zhang\\OneDrive - The University of Western Ontario\\leiger\\project\\vue_mall2\\server\\routes\\carts.js:71:16)\n    at router.put (C:\\Users\\zhang\\OneDrive - The University of Western Ontario\\leiger\\project\\vue_mall2\\server\\routes\\carts.js:20:7)\n    at newFn (C:\\Users\\zhang\\OneDrive - The University of Western Ontario\\leiger\\project\\vue_mall2\\server\\node_modules\\express-async-errors\\index.js:16:20)\n    at Layer.handle [as handle_request] (C:\\Users\\zhang\\OneDrive - The University of Western Ontario\\leiger\\project\\vue_mall2\\server\\node_modules\\express\\lib\\router\\layer.js:95:5)\n    at next (C:\\Users\\zhang\\OneDrive - The University of Western Ontario\\leiger\\project\\vue_mall2\\server\\node_modules\\express\\lib\\router\\route.js:137:13)\n    at Route.dispatch (C:\\Users\\zhang\\OneDrive - The University of Western Ontario\\leiger\\project\\vue_mall2\\server\\node_modules\\express\\lib\\router\\route.js:112:3)\n    at newFn (C:\\Users\\zhang\\OneDrive - The University of Western Ontario\\leiger\\project\\vue_mall2\\server\\node_modules\\express-async-errors\\index.js:16:20)\n    at Layer.handle [as handle_request] (C:\\Users\\zhang\\OneDrive - The University of Western Ontario\\leiger\\project\\vue_mall2\\server\\node_modules\\express\\lib\\router\\layer.js:95:5)\n    at C:\\Users\\zhang\\OneDrive - The University of Western Ontario\\leiger\\project\\vue_mall2\\server\\node_modules\\express\\lib\\router\\index.js:281:22\n    at param (C:\\Users\\zhang\\OneDrive - The University of Western Ontario\\leiger\\project\\vue_mall2\\server\\node_modules\\express\\lib\\router\\index.js:354:14)\n    at param (C:\\Users\\zhang\\OneDrive - The University of Western Ontario\\leiger\\project\\vue_mall2\\server\\node_modules\\express\\lib\\router\\index.js:365:14)\n    at Function.process_params (C:\\Users\\zhang\\OneDrive - The University of Western Ontario\\leiger\\project\\vue_mall2\\server\\node_modules\\express\\lib\\router\\index.js:410:3)\n    at next (C:\\Users\\zhang\\OneDrive - The University of Western Ontario\\leiger\\project\\vue_mall2\\server\\node_modules\\express\\lib\\router\\index.js:275:10)\n    at Function.handle (C:\\Users\\zhang\\OneDrive - The University of Western Ontario\\leiger\\project\\vue_mall2\\server\\node_modules\\express\\lib\\router\\index.js:174:3)\n    at router (C:\\Users\\zhang\\OneDrive - The University of Western Ontario\\leiger\\project\\vue_mall2\\server\\node_modules\\express\\lib\\router\\index.js:47:12)\n    at newFn (C:\\Users\\zhang\\OneDrive - The University of Western Ontario\\leiger\\project\\vue_mall2\\server\\node_modules\\express-async-errors\\index.js:16:20)","level":"error","timestamp":"2019-05-12T00:06:07.797Z"}
{"level":"info","message":"Listening on port 3000...","timestamp":"2019-05-12T00:06:32.332Z"}
{"level":"info","message":"Connected to MongoDB...","timestamp":"2019-05-12T00:06:32.376Z"}
{"message":"Product.findOne is not a function","stack":"TypeError: Product.findOne is not a function\n    at router.put (C:\\Users\\zhang\\OneDrive - The University of Western Ontario\\leiger\\project\\vue_mall2\\server\\routes\\carts.js:54:33)\n    at process._tickCallback (internal/process/next_tick.js:68:7)","level":"error","timestamp":"2019-05-12T00:06:39.036Z"}
{"level":"info","message":"Listening on port 3000...","timestamp":"2019-05-12T00:07:22.903Z"}
{"level":"info","message":"Connected to MongoDB...","timestamp":"2019-05-12T00:07:22.965Z"}
{"message":"_ is not defined","stack":"ReferenceError: _ is not defined\n    at router.put (C:\\Users\\zhang\\OneDrive - The University of Western Ontario\\leiger\\project\\vue_mall2\\server\\routes\\carts.js:60:21)\n    at process._tickCallback (internal/process/next_tick.js:68:7)","level":"error","timestamp":"2019-05-12T00:07:25.098Z"}
{"level":"info","message":"Listening on port 3000...","timestamp":"2019-05-12T00:07:50.851Z"}
{"level":"info","message":"Connected to MongoDB...","timestamp":"2019-05-12T00:07:50.916Z"}
{"message":"User validation failed: cartList.0.newPrice: Path `newPrice` is required., cartList.0.name: Path `name` is required.","errors":{"cartList.0.newPrice":{"message":"Path `newPrice` is required.","name":"ValidatorError","properties":{"message":"Path `newPrice` is required.","type":"required","path":"newPrice"},"kind":"required","path":"newPrice"},"cartList.0.name":{"message":"Path `name` is required.","name":"ValidatorError","properties":{"message":"Path `name` is required.","type":"required","path":"name"},"kind":"required","path":"name"}},"_message":"User validation failed","stack":"ValidationError: User validation failed: cartList.0.newPrice: Path `newPrice` is required., cartList.0.name: Path `name` is required.\n    at new ValidationError (C:\\Users\\zhang\\OneDrive - The University of Western Ontario\\leiger\\project\\vue_mall2\\server\\node_modules\\mongoose\\lib\\error\\validation.js:30:11)\n    at model.Document.invalidate (C:\\Users\\zhang\\OneDrive - The University of Western Ontario\\leiger\\project\\vue_mall2\\server\\node_modules\\mongoose\\lib\\document.js:2071:32)\n    at EmbeddedDocument.invalidate (C:\\Users\\zhang\\OneDrive - The University of Western Ontario\\leiger\\project\\vue_mall2\\server\\node_modules\\mongoose\\lib\\types\\embedded.js:291:31)\n    at p.doValidate.skipSchemaValidators (C:\\Users\\zhang\\OneDrive - The University of Western Ontario\\leiger\\project\\vue_mall2\\server\\node_modules\\mongoose\\lib\\document.js:1934:17)\n    at C:\\Users\\zhang\\OneDrive - The University of Western Ontario\\leiger\\project\\vue_mall2\\server\\node_modules\\mongoose\\lib\\schematype.js:929:9\n    at process._tickCallback (internal/process/next_tick.js:61:11)","name":"ValidationError","level":"error","timestamp":"2019-05-12T00:07:55.497Z"}
{"level":"info","message":"Listening on port 3000...","timestamp":"2019-05-12T00:11:32.220Z"}
{"level":"info","message":"Connected to MongoDB...","timestamp":"2019-05-12T00:11:32.277Z"}
{"message":"User validation failed: cartList.0.newPrice: Path `newPrice` is required., cartList.0.name: Path `name` is required.","errors":{"cartList.0.newPrice":{"message":"Path `newPrice` is required.","name":"ValidatorError","properties":{"message":"Path `newPrice` is required.","type":"required","path":"newPrice"},"kind":"required","path":"newPrice"},"cartList.0.name":{"message":"Path `name` is required.","name":"ValidatorError","properties":{"message":"Path `name` is required.","type":"required","path":"name"},"kind":"required","path":"name"}},"_message":"User validation failed","stack":"ValidationError: User validation failed: cartList.0.newPrice: Path `newPrice` is required., cartList.0.name: Path `name` is required.\n    at new ValidationError (C:\\Users\\zhang\\OneDrive - The University of Western Ontario\\leiger\\project\\vue_mall2\\server\\node_modules\\mongoose\\lib\\error\\validation.js:30:11)\n    at model.Document.invalidate (C:\\Users\\zhang\\OneDrive - The University of Western Ontario\\leiger\\project\\vue_mall2\\server\\node_modules\\mongoose\\lib\\document.js:2071:32)\n    at EmbeddedDocument.invalidate (C:\\Users\\zhang\\OneDrive - The University of Western Ontario\\leiger\\project\\vue_mall2\\server\\node_modules\\mongoose\\lib\\types\\embedded.js:291:31)\n    at p.doValidate.skipSchemaValidators (C:\\Users\\zhang\\OneDrive - The University of Western Ontario\\leiger\\project\\vue_mall2\\server\\node_modules\\mongoose\\lib\\document.js:1934:17)\n    at C:\\Users\\zhang\\OneDrive - The University of Western Ontario\\leiger\\project\\vue_mall2\\server\\node_modules\\mongoose\\lib\\schematype.js:929:9\n    at process._tickCallback (internal/process/next_tick.js:61:11)","name":"ValidationError","level":"error","timestamp":"2019-05-12T00:11:32.898Z"}
{"level":"info","message":"Listening on port 3000...","timestamp":"2019-05-12T00:13:34.521Z"}
{"level":"info","message":"Connected to MongoDB...","timestamp":"2019-05-12T00:13:34.563Z"}
{"level":"info","message":"Listening on port 3000...","timestamp":"2019-05-12T00:16:38.041Z"}
{"level":"info","message":"Connected to MongoDB...","timestamp":"2019-05-12T00:16:38.085Z"}
{"level":"info","message":"Listening on port 3000...","timestamp":"2019-05-12T00:18:11.708Z"}
{"level":"info","message":"Connected to MongoDB...","timestamp":"2019-05-12T00:18:11.751Z"}
{"level":"info","message":"Listening on port 3000...","timestamp":"2019-05-12T00:20:29.357Z"}
{"level":"info","message":"Connected to MongoDB...","timestamp":"2019-05-12T00:20:29.401Z"}
{"message":"User validation failed: cartList.0.newPrice: Path `newPrice` is required., cartList.0.name: Path `name` is required.","errors":{"cartList.0.newPrice":{"message":"Path `newPrice` is required.","name":"ValidatorError","properties":{"message":"Path `newPrice` is required.","type":"required","path":"newPrice"},"kind":"required","path":"newPrice"},"cartList.0.name":{"message":"Path `name` is required.","name":"ValidatorError","properties":{"message":"Path `name` is required.","type":"required","path":"name"},"kind":"required","path":"name"}},"_message":"User validation failed","stack":"ValidationError: User validation failed: cartList.0.newPrice: Path `newPrice` is required., cartList.0.name: Path `name` is required.\n    at new ValidationError (C:\\Users\\zhang\\OneDrive - The University of Western Ontario\\leiger\\project\\vue_mall2\\server\\node_modules\\mongoose\\lib\\error\\validation.js:30:11)\n    at model.Document.invalidate (C:\\Users\\zhang\\OneDrive - The University of Western Ontario\\leiger\\project\\vue_mall2\\server\\node_modules\\mongoose\\lib\\document.js:2071:32)\n    at EmbeddedDocument.invalidate (C:\\Users\\zhang\\OneDrive - The University of Western Ontario\\leiger\\project\\vue_mall2\\server\\node_modules\\mongoose\\lib\\types\\embedded.js:291:31)\n    at p.doValidate.skipSchemaValidators (C:\\Users\\zhang\\OneDrive - The University of Western Ontario\\leiger\\project\\vue_mall2\\server\\node_modules\\mongoose\\lib\\document.js:1934:17)\n    at C:\\Users\\zhang\\OneDrive - The University of Western Ontario\\leiger\\project\\vue_mall2\\server\\node_modules\\mongoose\\lib\\schematype.js:929:9\n    at process._tickCallback (internal/process/next_tick.js:61:11)","name":"ValidationError","level":"error","timestamp":"2019-05-12T00:20:36.278Z"}
{"level":"info","message":"Listening on port 3000...","timestamp":"2019-05-12T00:22:10.583Z"}
{"level":"info","message":"Connected to MongoDB...","timestamp":"2019-05-12T00:22:10.635Z"}
{"level":"info","message":"Listening on port 3000...","timestamp":"2019-05-12T00:24:37.297Z"}
{"level":"info","message":"Connected to MongoDB...","timestamp":"2019-05-12T00:24:37.354Z"}
{"level":"info","message":"Listening on port 3000...","timestamp":"2019-05-12T00:26:43.944Z"}
{"level":"info","message":"Connected to MongoDB...","timestamp":"2019-05-12T00:26:44.028Z"}
{"level":"info","message":"Listening on port 3000...","timestamp":"2019-05-12T00:27:19.355Z"}
{"level":"info","message":"Connected to MongoDB...","timestamp":"2019-05-12T00:27:19.406Z"}
{"level":"info","message":"Listening on port 3000...","timestamp":"2019-05-12T00:29:34.879Z"}
{"level":"info","message":"Connected to MongoDB...","timestamp":"2019-05-12T00:29:34.928Z"}
{"level":"info","message":"Listening on port 3000...","timestamp":"2019-05-12T00:34:58.485Z"}
{"level":"info","message":"Connected to MongoDB...","timestamp":"2019-05-12T00:34:58.536Z"}
{"level":"info","message":"Listening on port 3000...","timestamp":"2019-05-12T00:35:45.943Z"}
{"level":"info","message":"Connected to MongoDB...","timestamp":"2019-05-12T00:35:45.985Z"}
{"message":"User validation failed: cartList.0.numInCart: Path `numInCart` (-2) is less than minimum allowed value (0).","errors":{"cartList.0.numInCart":{"message":"Path `numInCart` (-2) is less than minimum allowed value (0).","name":"ValidatorError","properties":{"message":"Path `numInCart` (-2) is less than minimum allowed value (0).","type":"min","min":0,"path":"numInCart","value":-2},"kind":"min","path":"numInCart","value":-2}},"_message":"User validation failed","stack":"ValidationError: User validation failed: cartList.0.numInCart: Path `numInCart` (-2) is less than minimum allowed value (0).\n    at new ValidationError (C:\\Users\\zhang\\OneDrive - The University of Western Ontario\\leiger\\project\\vue_mall2\\server\\node_modules\\mongoose\\lib\\error\\validation.js:30:11)\n    at model.Document.invalidate (C:\\Users\\zhang\\OneDrive - The University of Western Ontario\\leiger\\project\\vue_mall2\\server\\node_modules\\mongoose\\lib\\document.js:2071:32)\n    at EmbeddedDocument.invalidate (C:\\Users\\zhang\\OneDrive - The University of Western Ontario\\leiger\\project\\vue_mall2\\server\\node_modules\\mongoose\\lib\\types\\embedded.js:291:31)\n    at p.doValidate.skipSchemaValidators (C:\\Users\\zhang\\OneDrive - The University of Western Ontario\\leiger\\project\\vue_mall2\\server\\node_modules\\mongoose\\lib\\document.js:1934:17)\n    at C:\\Users\\zhang\\OneDrive - The University of Western Ontario\\leiger\\project\\vue_mall2\\server\\node_modules\\mongoose\\lib\\schematype.js:929:9\n    at process._tickCallback (internal/process/next_tick.js:61:11)","name":"ValidationError","level":"error","timestamp":"2019-05-12T00:41:07.516Z"}
{"level":"info","message":"Listening on port 3000...","timestamp":"2019-05-12T00:45:54.831Z"}
{"level":"info","message":"Connected to MongoDB...","timestamp":"2019-05-12T00:45:54.889Z"}
{"level":"info","message":"Listening on port 3000...","timestamp":"2019-05-12T00:48:42.886Z"}
{"level":"info","message":"Connected to MongoDB...","timestamp":"2019-05-12T00:48:42.930Z"}
{"level":"info","message":"Listening on port 3000...","timestamp":"2019-05-12T00:51:51.240Z"}
{"level":"info","message":"Connected to MongoDB...","timestamp":"2019-05-12T00:51:51.284Z"}
{"level":"info","message":"Listening on port 3000...","timestamp":"2019-05-12T00:56:18.005Z"}
{"level":"info","message":"Connected to MongoDB...","timestamp":"2019-05-12T00:56:18.058Z"}
{"message":"Cannot set headers after they are sent to the client","stack":"Error [ERR_HTTP_HEADERS_SENT]: Cannot set headers after they are sent to the client\n    at ServerResponse.setHeader (_http_outgoing.js:470:11)\n    at ServerResponse.header (C:\\Users\\zhang\\OneDrive - The University of Western Ontario\\leiger\\project\\vue_mall2\\server\\node_modules\\express\\lib\\response.js:767:10)\n    at ServerResponse.send (C:\\Users\\zhang\\OneDrive - The University of Western Ontario\\leiger\\project\\vue_mall2\\server\\node_modules\\express\\lib\\response.js:170:12)\n    at router.put (C:\\Users\\zhang\\OneDrive - The University of Western Ontario\\leiger\\project\\vue_mall2\\server\\routes\\carts.js:54:11)\n    at process._tickCallback (internal/process/next_tick.js:68:7)","level":"error","timestamp":"2019-05-12T00:56:33.240Z"}
{"level":"info","message":"Listening on port 3000...","timestamp":"2019-05-12T00:57:28.609Z"}
{"level":"info","message":"Connected to MongoDB...","timestamp":"2019-05-12T00:57:28.654Z"}
{"level":"info","message":"Listening on port 3000...","timestamp":"2019-05-12T00:57:50.658Z"}
{"level":"info","message":"Connected to MongoDB...","timestamp":"2019-05-12T00:57:50.701Z"}
{"level":"info","message":"Listening on port 3000...","timestamp":"2019-05-12T01:00:17.363Z"}
{"level":"info","message":"Connected to MongoDB...","timestamp":"2019-05-12T01:00:17.406Z"}
{"message":"Cannot set headers after they are sent to the client","stack":"Error [ERR_HTTP_HEADERS_SENT]: Cannot set headers after they are sent to the client\n    at ServerResponse.setHeader (_http_outgoing.js:470:11)\n    at ServerResponse.header (C:\\Users\\zhang\\OneDrive - The University of Western Ontario\\leiger\\project\\vue_mall2\\server\\node_modules\\express\\lib\\response.js:767:10)\n    at ServerResponse.send (C:\\Users\\zhang\\OneDrive - The University of Western Ontario\\leiger\\project\\vue_mall2\\server\\node_modules\\express\\lib\\response.js:170:12)\n    at ServerResponse.json (C:\\Users\\zhang\\OneDrive - The University of Western Ontario\\leiger\\project\\vue_mall2\\server\\node_modules\\express\\lib\\response.js:267:15)\n    at ServerResponse.send (C:\\Users\\zhang\\OneDrive - The University of Western Ontario\\leiger\\project\\vue_mall2\\server\\node_modules\\express\\lib\\response.js:158:21)\n    at router.put (C:\\Users\\zhang\\OneDrive - The University of Western Ontario\\leiger\\project\\vue_mall2\\server\\routes\\carts.js:54:11)\n    at process._tickCallback (internal/process/next_tick.js:68:7)","level":"error","timestamp":"2019-05-12T01:00:35.325Z"}
{"level":"info","message":"Listening on port 3000...","timestamp":"2019-05-12T01:01:24.332Z"}
{"level":"info","message":"Connected to MongoDB...","timestamp":"2019-05-12T01:01:24.442Z"}
{"message":"User validation failed: cartList.0.numInCart: Path `numInCart` is required.","errors":{"cartList.0.numInCart":{"message":"Path `numInCart` is required.","name":"ValidatorError","properties":{"message":"Path `numInCart` is required.","type":"required","path":"numInCart"},"kind":"required","path":"numInCart"}},"_message":"User validation failed","stack":"ValidationError: User validation failed: cartList.0.numInCart: Path `numInCart` is required.\n    at new ValidationError (C:\\Users\\zhang\\OneDrive - The University of Western Ontario\\leiger\\project\\vue_mall2\\server\\node_modules\\mongoose\\lib\\error\\validation.js:30:11)\n    at model.Document.invalidate (C:\\Users\\zhang\\OneDrive - The University of Western Ontario\\leiger\\project\\vue_mall2\\server\\node_modules\\mongoose\\lib\\document.js:2071:32)\n    at EmbeddedDocument.invalidate (C:\\Users\\zhang\\OneDrive - The University of Western Ontario\\leiger\\project\\vue_mall2\\server\\node_modules\\mongoose\\lib\\types\\embedded.js:291:31)\n    at p.doValidate.skipSchemaValidators (C:\\Users\\zhang\\OneDrive - The University of Western Ontario\\leiger\\project\\vue_mall2\\server\\node_modules\\mongoose\\lib\\document.js:1934:17)\n    at C:\\Users\\zhang\\OneDrive - The University of Western Ontario\\leiger\\project\\vue_mall2\\server\\node_modules\\mongoose\\lib\\schematype.js:929:9\n    at process._tickCallback (internal/process/next_tick.js:61:11)","name":"ValidationError","level":"error","timestamp":"2019-05-12T01:01:37.464Z"}
{"level":"info","message":"Listening on port 3000...","timestamp":"2019-05-12T01:03:04.331Z"}
{"level":"info","message":"Connected to MongoDB...","timestamp":"2019-05-12T01:03:04.390Z"}
{"level":"info","message":"Listening on port 3000...","timestamp":"2019-05-12T01:03:56.302Z"}
{"level":"info","message":"Connected to MongoDB...","timestamp":"2019-05-12T01:03:56.350Z"}
{"level":"info","message":"Listening on port 3000...","timestamp":"2019-05-12T01:04:02.228Z"}
{"level":"info","message":"Connected to MongoDB...","timestamp":"2019-05-12T01:04:02.277Z"}
